lib-progresswheel/build/outputs/logs/manifest-merger-debug-report.txt
-- Merging decision tree log ---
manifest
ADDED from CA/lib-progresswheel/AndroidManifest.xml:1:1-5:12
INJECTED from CA/lib-progresswheel/AndroidManifest.xml:1:1-5:12
INJECTED from CA/lib-progresswheel/AndroidManifest.xml:1:1-5:12
	package
		ADDED from CA/lib-progresswheel/AndroidManifest.xml:2:5-33
		INJECTED from CA/lib-progresswheel/AndroidManifest.xml
		INJECTED from CA/lib-progresswheel/AndroidManifest.xml
	xmlns:android
		ADDED from CA/lib-progresswheel/AndroidManifest.xml:1:11-69
application
ADDED from CA/lib-progresswheel/AndroidManifest.xml:4:5-20